autotrade start
It failed ConnectionError
TypeError
'NoneType' object has no attribute 'iloc'
It failed ConnectionError
TypeError
'NoneType' object is not subscriptable
It failed ConnectionError
TypeError
'NoneType' object is not subscriptable
It failed ConnectionError
TypeError
'NoneType' object is not subscriptable
It failed ConnectionError
TypeError
'NoneType' object is not subscriptable
It failed ConnectionError
TypeError
'NoneType' object is not subscriptable
It failed ConnectionError
TypeError
'NoneType' object has no attribute 'index'
It failed ConnectionError
TypeError
'NoneType' object has no attribute 'index'
It failed ConnectionError
TypeError
'NoneType' object has no attribute 'index'
It failed ConnectionError
TypeError
'NoneType' object has no attribute 'index'
It failed ConnectionError
TypeError
'NoneType' object has no attribute 'iloc'
It failed ConnectionError
TypeError
'NoneType' object has no attribute 'iloc'
It failed ConnectionError
TypeError
'NoneType' object has no attribute 'index'
It failed ConnectionError
TypeError
'NoneType' object has no attribute 'index'
It failed ConnectionError
TypeError
'NoneType' object has no attribute 'index'
It failed ReadTimeout
TypeError
'NoneType' object is not subscriptable
It failed ConnectionError
TypeError
'NoneType' object has no attribute 'index'
It failed ConnectionError
TypeError
'NoneType' object has no attribute 'index'
It failed ConnectionError
TypeError
'NoneType' object has no attribute 'index'
It failed ConnectionError
TypeError
'NoneType' object has no attribute 'index'
It failed ConnectionError
TypeError
'NoneType' object has no attribute 'index'
It failed ConnectionError
TypeError
'NoneType' object has no attribute 'index'
It failed ConnectionError
TypeError
'NoneType' object has no attribute 'index'
It failed ConnectionError
TypeError
'NoneType' object has no attribute 'index'
It failed ConnectionError
TypeError
'NoneType' object has no attribute 'index'
It failed ConnectionError
TypeError
'NoneType' object has no attribute 'index'
It failed ConnectionError
TypeError
'NoneType' object has no attribute 'index'
It failed ConnectionError
TypeError
'NoneType' object has no attribute 'index'
It failed ConnectionError
TypeError
'NoneType' object has no attribute 'index'
It failed ConnectionError
TypeError
'NoneType' object has no attribute 'index'
It failed ConnectionError
TypeError
'NoneType' object has no attribute 'index'
It failed ConnectionError
TypeError
'NoneType' object has no attribute 'index'
It failed ConnectionError
TypeError
'NoneType' object has no attribute 'index'
It failed ConnectionError
TypeError
'NoneType' object has no attribute 'index'
It failed ConnectionError
TypeError
'NoneType' object has no attribute 'index'
It failed ConnectionError
TypeError
'NoneType' object has no attribute 'index'
It failed ConnectionError
TypeError
'NoneType' object has no attribute 'index'
It failed ConnectionError
TypeError
'NoneType' object has no attribute 'index'
It failed ConnectionError
TypeError
'NoneType' object has no attribute 'index'
It failed ConnectionError
TypeError
'NoneType' object has no attribute 'index'
It failed ConnectionError
TypeError
'NoneType' object has no attribute 'index'
It failed ConnectionError
TypeError
'NoneType' object has no attribute 'index'
It failed ConnectionError
TypeError
'NoneType' object has no attribute 'index'
It failed ConnectionError
TypeError
'NoneType' object has no attribute 'index'
It failed ConnectionError
TypeError
'NoneType' object has no attribute 'index'
It failed ConnectionError
TypeError
'NoneType' object has no attribute 'index'
It failed ConnectionError
TypeError
'NoneType' object has no attribute 'index'
It failed ConnectionError
TypeError
'NoneType' object has no attribute 'index'
It failed ConnectionError
TypeError
'NoneType' object has no attribute 'index'
It failed ConnectionError
TypeError
'NoneType' object has no attribute 'index'
It failed ConnectionError
TypeError
'NoneType' object has no attribute 'index'
It failed ConnectionError
TypeError
'NoneType' object has no attribute 'index'
It failed ConnectionError
TypeError
'NoneType' object has no attribute 'index'
It failed ConnectionError
TypeError
'NoneType' object has no attribute 'index'
It failed ConnectionError
TypeError
'NoneType' object has no attribute 'index'
It failed ConnectionError
TypeError
'NoneType' object has no attribute 'index'
It failed ConnectionError
TypeError
'NoneType' object has no attribute 'index'
It failed ConnectionError
TypeError
'NoneType' object has no attribute 'index'
It failed ConnectionError
TypeError
'NoneType' object has no attribute 'index'
It failed ConnectionError
TypeError
'NoneType' object has no attribute 'index'
It failed ConnectionError
TypeError
'NoneType' object has no attribute 'index'
It failed ConnectionError
TypeError
'NoneType' object has no attribute 'index'
It failed ConnectionError
TypeError
'NoneType' object has no attribute 'index'
It failed ConnectionError
TypeError
'NoneType' object has no attribute 'index'
It failed ConnectionError
TypeError
'NoneType' object has no attribute 'index'
It failed ConnectionError
TypeError
'NoneType' object has no attribute 'index'
It failed ConnectionError
TypeError
'NoneType' object has no attribute 'index'
It failed ConnectionError
TypeError
'NoneType' object has no attribute 'index'
It failed ConnectionError
TypeError
'NoneType' object is not subscriptable
It failed ConnectionError
TypeError
'NoneType' object has no attribute 'index'
It failed ConnectionError
TypeError
'NoneType' object has no attribute 'index'
It failed ConnectionError
TypeError
'NoneType' object has no attribute 'index'
It failed ConnectionError
TypeError
'NoneType' object has no attribute 'index'
It failed ConnectionError
TypeError
'NoneType' object has no attribute 'index'
It failed ConnectionError
TypeError
'NoneType' object has no attribute 'index'
It failed ConnectionError
TypeError
'NoneType' object has no attribute 'index'
It failed ConnectionError
TypeError
'NoneType' object has no attribute 'index'
It failed ConnectionError
TypeError
'NoneType' object has no attribute 'index'
It failed ConnectionError
TypeError
'NoneType' object has no attribute 'index'
It failed ConnectionError
TypeError
'NoneType' object has no attribute 'index'
It failed ConnectionError
TypeError
'NoneType' object has no attribute 'index'
It failed ConnectionError
TypeError
'NoneType' object has no attribute 'index'
It failed ConnectionError
TypeError
'NoneType' object has no attribute 'index'
It failed ConnectionError
TypeError
'NoneType' object has no attribute 'index'
It failed ConnectionError
TypeError
'NoneType' object has no attribute 'index'
It failed ConnectionError
TypeError
'NoneType' object has no attribute 'index'
It failed ConnectionError
TypeError
'NoneType' object has no attribute 'index'
It failed ConnectionError
TypeError
'NoneType' object has no attribute 'index'
It failed ConnectionError
TypeError
'NoneType' object has no attribute 'index'
It failed ConnectionError
TypeError
'NoneType' object has no attribute 'index'
It failed ConnectionError
TypeError
'NoneType' object has no attribute 'index'
It failed ConnectionError
TypeError
'NoneType' object has no attribute 'index'
It failed ConnectionError
TypeError
'NoneType' object has no attribute 'index'
It failed ConnectionError
TypeError
'NoneType' object has no attribute 'index'
It failed ConnectionError
TypeError
'NoneType' object has no attribute 'index'
It failed ConnectionError
TypeError
'NoneType' object has no attribute 'index'
It failed ConnectionError
TypeError
'NoneType' object has no attribute 'index'
It failed ConnectionError
TypeError
'NoneType' object has no attribute 'index'
It failed ConnectionError
TypeError
'NoneType' object has no attribute 'index'
It failed ConnectionError
TypeError
'NoneType' object has no attribute 'index'
It failed ConnectionError
TypeError
'NoneType' object has no attribute 'index'
It failed ConnectionError
TypeError
'NoneType' object has no attribute 'index'
It failed ConnectionError
TypeError
'NoneType' object has no attribute 'index'
It failed ConnectionError
TypeError
